--- contention:
cycles/second=2978288372
2044629121298 9730168 @ 0x7a6a1a 0x7a69f9 0x7a6899 0x7a68aa 0x7a688f 0x7a696e 0x7b47bb 0x7b47af 0x740f41
#	0x7a6a19	sync.(*Mutex).Lock+0x39			D:/Go/src/sync/mutex.go:81
#	0x7a69f8	math/rand.(*lockedSource).Int63+0x18	D:/Go/src/math/rand/rand.go:388
#	0x7a6898	math/rand.(*Rand).Int63+0x58		D:/Go/src/math/rand/rand.go:84
#	0x7a68a9	math/rand.(*Rand).Int31+0x69		D:/Go/src/math/rand/rand.go:98
#	0x7a688e	math/rand.(*Rand).Int31n+0x4e		D:/Go/src/math/rand/rand.go:133
#	0x7a696d	math/rand.(*Rand).Intn+0x2d		D:/Go/src/math/rand/rand.go:171
#	0x7b47ba	math/rand.Intn+0x7a			D:/Go/src/math/rand/rand.go:337
#	0x7b47ae	taster/article37/common/op.send+0x6e	D:/gostudy/src/taster/article37/common/op/block.go:40

191948306328 16785010 @ 0x6e5bd8 0x7b490e 0x740f41
#	0x6e5bd7	runtime.chanrecv2+0x17			D:/Go/src/runtime/chan.go:444
#	0x7b490d	taster/article37/common/op.receive+0x6d	D:/gostudy/src/taster/article37/common/op/block.go:47

155441780698 80 @ 0x753391 0x7b46a6 0x740f41
#	0x753390	sync.(*WaitGroup).Wait+0x70				D:/Go/src/sync/waitgroup.go:130
#	0x7b46a5	taster/article37/common/op.BlockProfile.func1+0x25	D:/gostudy/src/taster/article37/common/op/block.go:23

155420526041 80 @ 0x753391 0x7b4606 0x7a648f 0x7b5106 0x7b4de9 0x718b37 0x740f41
#	0x753390	sync.(*WaitGroup).Wait+0x70			D:/Go/src/sync/waitgroup.go:130
#	0x7b4605	taster/article37/common/op.BlockProfile+0x1c5	D:/gostudy/src/taster/article37/common/op/block.go:32
#	0x7a648e	taster/article37/common.Execute+0x1ae		D:/gostudy/src/taster/article37/common/common.go:32
#	0x7b5105	main.genProfile+0x2e5				d:/gostudy/src/taster/article37/q4/demo99.go:68
#	0x7b4de8	main.main+0x188					d:/gostudy/src/taster/article37/q4/demo99.go:50
#	0x718b36	runtime.main+0x216				D:/Go/src/runtime/proc.go:255

125884492728 13530747 @ 0x6e4e5d 0x7b47d4 0x740f41
#	0x6e4e5c	runtime.chansend1+0x1c			D:/Go/src/runtime/chan.go:143
#	0x7b47d3	taster/article37/common/op.send+0x93	D:/gostudy/src/taster/article37/common/op/block.go:41

33003054 166 @ 0x7a6a1a 0x7a69f9 0x7a68e9 0x7a68ea 0x7a68df 0x7a696e 0x7b47bb 0x7b47af 0x740f41
#	0x7a6a19	sync.(*Mutex).Lock+0x39			D:/Go/src/sync/mutex.go:81
#	0x7a69f8	math/rand.(*lockedSource).Int63+0x18	D:/Go/src/math/rand/rand.go:388
#	0x7a68e8	math/rand.(*Rand).Int63+0xa8		D:/Go/src/math/rand/rand.go:84
#	0x7a68e9	math/rand.(*Rand).Int31+0xa9		D:/Go/src/math/rand/rand.go:98
#	0x7a68de	math/rand.(*Rand).Int31n+0x9e		D:/Go/src/math/rand/rand.go:135
#	0x7a696d	math/rand.(*Rand).Intn+0x2d		D:/Go/src/math/rand/rand.go:171
#	0x7b47ba	math/rand.Intn+0x7a			D:/Go/src/math/rand/rand.go:337
#	0x7b47ae	taster/article37/common/op.send+0x6e	D:/gostudy/src/taster/article37/common/op/block.go:40

