positions: instr line
events: cpu(ms)

ob=
fl=(1) D:\Go\src\math\rand\rand.go
fn=(1) math/rand.(*lockedSource).Int63
0xc48a66 388 370

ob=
fl=(1)
fn=(2) math/rand.(*Rand).Int63n
-126 120 320

ob=
fl=(2) D:\Go\src\sync\mutex.go
fn=(3) sync.(*Mutex).Unlock
+261 186 260

ob=
fl=(1)
fn=(2)
-377 115 220

ob=
fl=(3) D:\Go\src\runtime\os_windows.go
fn=(4) runtime.stdcall3
-555312 1107 210

ob=
fl=(4) D:\Go\src\runtime\memmove_amd64.s
fn=(5) runtime.memmove
+198304 177 80

ob=
fl=(5) D:\Go\src\strconv\itoa.go
fn=(6) strconv.formatBits
+44691 141 80

ob=
fl=(6) D:\Go\src\runtime\asm_amd64.s
fn=(7) runtime.procyield
-49745 657 60

ob=
fl=(7) D:\Go\src\runtime\runtime1.go
fn=(8) runtime.acquirem
-343125 468 50

ob=
fl=(8) D:\Go\src\runtime\memclr_amd64.s
fn=(9) runtime.memclrNoHeapPointers
+347467 86 50

ob=
fl=(4)
fn=(5)
+1698 439 50

ob=
fl=(3)
fn=(10) runtime.stdcall2
-199418 1098 40

ob=
fl=(5)
fn=(11) strconv.FormatInt
+242116 30 40

ob=
fl=(9) D:\Go\src\bytes\buffer.go
fn=(12) bytes.(*Buffer).WriteString
+233712 180 40

ob=
fl=(10) D:\Go\src\math\rand\rng.go
fn=(13) math/rand.(*rngSource).Uint64
+79952 249 40

ob=
fl=(3)
fn=(14) runtime.stdcall1
-555908 1089 30

ob=
fl=(11) D:\Go\src\runtime\string.go
fn=(15) runtime.slicebytetostring
+109859 110 30
+49 115 30

ob=
fl=(4)
fn=(5)
+88360 41 30
+286 175 30
+966 430 30
+47 443 30

ob=
fl=(5)
fn=(6)
+42848 95 30
+444 200 30
+30 200 30
+29 201 30
+226 142 30
+8 147 30

ob=
fl=(9)
fn=(16) bytes.(*Buffer).tryGrowByReslice
+232836 108 30

ob=
fl=(9)
fn=(12)
+93 186 30

ob=
fl=(1)
fn=(2)
+79403 108 30

ob=
fl=(10)
fn=(13)
+446 250 30

ob=
fl=(12) D:\Go\src\runtime\malloc.go
fn=(17) runtime.mallocgc
-705886 909 20
+19 909 20

ob=
fl=(12)
fn=(18) runtime.nextFreeFast
+725 858 20

ob=
fl=(12)
fn=(17)
+160 1103 20
+937 1175 20

ob=
fl=(7)
fn=(19) runtime.releasem
+21 474 20
+20 475 20

ob=
fl=(12)
fn=(17)
+161 1178 20

ob=
fl=(11)
fn=(15)
+257748 114 20
+33 113 20

ob=
fl=(6)
fn=(20) runtime.publicationBarrier
+83664 665 20

ob=
fl=(4)
fn=(5)
+4764 65 20
+16 68 20
+246 176 20

ob=
fl=(5)
fn=(6)
+44112 197 20
+206 200 20
+26 201 20
+256 197 20
+16 138 20
+25 139 20
+86 138 20
+39 142 20
+81 149 20

ob=
fl=(9)
fn=(12)
+232537 180 20
+110 186 20
+4 186 20
+74 186 20

ob=
fl=(1)
fn=(2)
+79399 112 20
+18 108 20
+52 115 20

ob=
fl=(1)
fn=(1)
+183 387 20
+53 389 20

ob=
fl=(10)
fn=(13)
+14 240 20
+27 245 20

ob=
fl=(13) D:\gostudy\src\taster\article37\common\op\cpu.go
fn=(21) taster/article37/common/op.CPUProfile
+4475 15 20

ob=
fl=(14) D:\Go\src\runtime\lock_sema.go
fn=(22) runtime.unlock2
-715561 109 10

ob=
fl=(12)
fn=(17)
+5264 909 10
+21 910 10
+1 910 10
+22 918 10
+164 951 10
+129 971 10
+26 977 10

ob=
fl=(15) D:\Go\src\runtime\mcache.go
fn=(23) runtime.getMCache
+26 136 10
+4 136 10

ob=
fl=(12)
fn=(17)
+59 1172 10
+41 1024 10
+141 1049 10

ob=
fl=(12)
fn=(18)
+8 850 10
+47 854 10

ob=
fl=(12)
fn=(17)
+172 1055 10
+835 1133 10
+236 1161 10
+175 1200 10

ob=
fl=(15)
fn=(24) runtime.(*mcache).refill
+34437 146 10
+365 193 10

ob=
fl=(16) D:\Go\src\runtime\mgcmark.go
fn=(25) runtime.gcmarknewobject
+36311 1526 10

ob=
fl=(17) D:\Go\src\runtime\mpagealloc.go
fn=(26) runtime.pallocSum.max
+8031 944 10

ob=
fl=(18) D:\Go\src\runtime\mgcsweep.go
fn=(27) runtime.(*sweepLocker).tryAcquire
+5764 212 10
+10 212 10

ob=
fl=(19) D:\Go\src\runtime\mheap.go
fn=(28) runtime.recordspan
+9733 523 10

ob=
fl=(19)
fn=(29) runtime.(*mheap).setSpans
+4075 966 10

ob=
fl=(19)
fn=(30) runtime.(*mheap).allocMSpanLocked
+431 1069 10

ob=
fl=(19)
fn=(31) runtime.(*mheap).allocSpan
+1292 1282 10

ob=
fl=(19)
fn=(32) runtime.(*mheap).freeSpanLocked
+1813 1475 10

ob=
fl=(19)
fn=(33) runtime.(*gcBitsArena).tryAlloc
+3732 1974 10

ob=
fl=(17)
fn=(34) runtime.(*pageAlloc).update
+3170 491 10

ob=
fl=(17)
fn=(35) runtime.pallocSum.unpack
+6823 964 10

ob=
fl=(20) D:\Go\src\runtime\mranges.go
fn=(36) runtime.(*addrRanges).removeLast
+13411 318 10

ob=
fl=(21) D:\Go\src\runtime\mstats.go
fn=(37) runtime.(*consistentHeapStats).acquire
+2586 796 10

ob=
fl=(22) D:\Go\src\runtime\proc.go
fn=(38) runtime.findrunnable
+61197 2718 10
+2021 2978 10

ob=
fl=(23) D:\Go\src\runtime\time.go
fn=(39) runtime.nobarrierWakeTime
+1906 743 10

ob=
fl=(22)
fn=(40) runtime.schedule
+1566 3305 10

ob=
fl=(22)
fn=(41) runtime.parkunlock_c
+1417 3488 10

ob=
fl=(22)
fn=(42) runtime.park_m
+106 3494 10

ob=
fl=(22)
fn=(43) runtime._ExternalCode
+10646 4668 10

ob=
fl=(22)
fn=(44) runtime.pidleget
+12790 5917 10

ob=
fl=(11)
fn=(15)
+34004 80 10
+9 80 10
+76 113 10

ob=
fl=(23)
fn=(45) runtime.adjusttimers
+20481 653 10

ob=
fl=(6)
fn=(46) runtime.mcall
+55111 307 10

ob=
fl=(8)
fn=(9)
+12377 87 10
+10 89 10
+5 90 10
+7 91 10
+22 95 10

ob=
fl=(4)
fn=(5)
+381 61 10
+1250 435 10
+9 437 10
+36 444 10

ob=
fl=(5)
fn=(11)
+42650 29 10
+6 29 10
+28 30 10

ob=
fl=(5)
fn=(6)
+136 95 10
+14 95 10
+18 95 10
+731 197 10
+25 197 10
+13 147 10
+21 141 10
+13 141 10
+17 141 10
+15 141 10
+5 141 10
+10 141 10
+34 142 10
+4 142 10
+68 148 10
+9 148 10
+5 148 10
+6 148 10
+57 89 10
+6 197 10

ob=
fl=(9)
fn=(16)
+232502 107 10
+8 107 10

ob=
fl=(9)
fn=(12)
+95 186 10
+23 186 10
+27 186 10

ob=
fl=(1)
fn=(2)
+79376 108 10
+71 115 10

ob=
fl=(1)
fn=(47) math/rand.(*Rand).Int63
+13 84 10
+4 84 10

ob=
fl=(1)
fn=(2)
+92 120 10
+22 120 10

ob=
fl=(1)
fn=(1)
+90 387 10
+13 388 10
+192 391 10

ob=
fl=(1)
fn=(48) math/rand.Int63n
+4322 327 10
+7 327 10

ob=
fl=(13)
fn=(21)
+10 14 10
+31 12 10

ob=
fl=(14)
fn=(49) runtime.notewakeup
-715328 162 0
cfl=(3)
cfn=(50) runtime.semawakeup
calls=0 -563044 870
* * 30

ob=
fl=(12)
fn=(51) runtime.(*mcache).nextFree
+4599 886 0
cfl=(15)
cfn=(24)
calls=0 +41729 162
* * 130
cfl=(15)
cfn=(24)
calls=0 +41565 146
* * 10
cfl=(15)
cfn=(24)
calls=0 +41930 193
* * 10

ob=
fl=(12)
fn=(17)
+749 970 0
cfl=(7)
cfn=(8)
calls=0 +749 468
* * 50
+62 981 0
cfl=(15)
cfn=(23)
calls=0 +62 136
* * 10
+4 981 0
cfl=(15)
cfn=(23)
calls=0 +4 136
* * 10
+249 1050 0
cfl=(12)
cfn=(18)
calls=0 +249 850
* * 10
+47 1050 0
cfl=(12)
cfn=(18)
calls=0 +47 854
* * 10
+45 1050 0
cfl=(12)
cfn=(18)
calls=0 +45 858
* * 20
+72 1052 0
cfl=(12)
cfn=(51)
calls=0 -1156 886
* * 140
+439 1077 0
cfl=(12)
cfn=(51)
calls=0 -1228 886
* * 10
+460 1126 0
cfl=(6)
cfn=(20)
calls=0 +342233 665
* * 20
+54 1133 0
cfl=(16)
cfn=(25)
calls=0 +71515 1526
* * 10
+93 1153 0
cfl=(7)
cfn=(19)
calls=0 +93 474
* * 20
+20 1153 0
cfl=(7)
cfn=(19)
calls=0 +20 475
* * 20
+54 1158 0
cfl=(12)
cfn=(52) runtime.memclrNoHeapPointersChunked
calls=0 +514 1226
* * 50

ob=
fl=(12)
fn=(52)
+460 1226 0
cfl=(8)
cfn=(9)
calls=0 +345868 86
* * 40
cfl=(8)
cfn=(9)
calls=0 +345882 89
* * 10

ob=
fl=(15)
fn=(24)
+34322 162 0
cfl=(24) D:\Go\src\runtime\mcentral.go
cfn=(53) runtime.(*mcentral).cacheSpan
calls=0 +37889 161
* * 130

ob=
fl=(24)
fn=(53)
+3567 161 0
cfl=(24)
cfn=(54) runtime.(*mcentral).grow
calls=0 +4022 241
* * 130

ob=
fl=(24)
fn=(54)
+455 241 0
cfl=(19)
cfn=(55) runtime.(*mheap).alloc
calls=0 +59893 907
* * 80
cfl=(19)
cfn=(55)
calls=0 +59966 921
* * 50

ob=
fl=(25) D:\Go\src\runtime\mem_windows.go
fn=(56) runtime.sysUnused
+1408 33 0
cfl=(3)
cfn=(4)
calls=0 +109472 1107
* * 210

ob=
fl=(26) D:\Go\src\runtime\mfixalloc.go
fn=(57) runtime.(*fixalloc).alloc
+5681 86 0
cfl=(19)
cfn=(28)
calls=0 +54620 523
* * 10

ob=
fl=(27) D:\Go\src\runtime\mgc.go
fn=(58) runtime.gcBgMarkWorker
+7650 1256 0
cfl=(6)
cfn=(59) runtime.systemstack
calls=0 +287736 383
* * 60

ob=
fl=(27)
fn=(60) runtime.gcBgMarkWorker.func2
+822 1288 0
cfl=(16)
cfn=(61) runtime.gcDrain
calls=0 +12961 1013
* * 40
+23 1286 0
cfl=(16)
cfn=(61)
calls=0 +12139 1013
* * 10
+32 1269 0
cfl=(16)
cfn=(61)
calls=0 +12116 1013
* * 20

ob=
fl=(16)
fn=(62) runtime.markroot
+4427 205 0
cfl=(16)
cfn=(63) runtime.markroot.func1
calls=0 +4992 224
* * 70

ob=
fl=(16)
fn=(63)
+565 224 0
cfl=(28) D:\Go\src\runtime\preempt.go
cfn=(64) runtime.suspendG
calls=0 +108629 248
* * 60
cfl=(28)
cfn=(64)
calls=0 +108222 232
* * 10

ob=
fl=(16)
fn=(61)
+7092 1013 0
cfl=(16)
cfn=(62)
calls=0 -565 205
* * 70

ob=
fl=(29) D:\Go\src\runtime\mgcscavenge.go
fn=(65) runtime.wakeScavenger
+9822 215 0
cfl=(22)
cfn=(66) runtime.injectglist
calls=0 +132134 3280
* * 20
cfl=(22)
cfn=(66)
calls=0 +132078 3279
* * 10

ob=
fl=(29)
fn=(67) runtime.bgscavenge
+595 292 0
cfl=(6)
cfn=(59)
calls=0 +257303 383
* * 20

ob=
fl=(29)
fn=(68) runtime.bgscavenge.func2
+608 304 0
cfl=(29)
cfn=(69) runtime.(*pageAlloc).scavenge
calls=0 +804 413
* * 220
cfl=(29)
cfn=(69)
calls=0 +899 409
* * 10

ob=
fl=(29)
fn=(69)
+196 413 0
cfl=(29)
cfn=(70) runtime.(*pageAlloc).scavengeOne
calls=0 +2029 622
* * 210
cfl=(29)
cfn=(70)
calls=0 +1796 615
* * 10
+95 409 0
cfl=(29)
cfn=(71) runtime.(*pageAlloc).scavengeReserve
calls=0 +1004 505
* * 10

ob=
fl=(29)
fn=(71)
+909 505 0
cfl=(20)
cfn=(36)
calls=0 +51759 318
* * 10

ob=
fl=(29)
fn=(70)
+596 615 0
cfl=(17)
cfn=(26)
calls=0 +596 944
* * 10
+233 622 0
cfl=(29)
cfn=(72) runtime.(*pageAlloc).scavengeRangeLocked
calls=0 +1479 728
* * 210

ob=
fl=(29)
fn=(72)
+1246 728 0
cfl=(25)
cfn=(56)
calls=0 -39346 33
* * 210

ob=
fl=(18)
fn=(73) runtime.bgsweep
+4080 166 0
cfl=(18)
cfn=(74) runtime.sweepone
calls=0 +4285 287
* * 10
cfl=(18)
cfn=(74)
calls=0 +4295 287
* * 10
cfl=(18)
cfn=(74)
calls=0 +4404 290
* * 10

ob=
fl=(18)
fn=(74)
+205 287 0
cfl=(18)
cfn=(27)
calls=0 +205 212
* * 10
+10 287 0
cfl=(18)
cfn=(27)
calls=0 +10 212
* * 10
+109 290 0
cfl=(18)
cfn=(75) runtime.(*sweepLocked).sweep
calls=0 +3179 595
* * 10

ob=
fl=(18)
fn=(75)
+3070 595 0
cfl=(19)
cfn=(76) runtime.(*mheap).freeSpan
calls=0 +16702 1427
* * 10

ob=
fl=(19)
fn=(55)
+9964 907 0
cfl=(6)
cfn=(59)
calls=0 +245351 383
* * 80
+73 921 0
cfl=(8)
cfn=(9)
calls=0 +247626 86
* * 10
cfl=(8)
cfn=(9)
calls=0 +247630 87
* * 10
cfl=(8)
cfn=(9)
calls=0 +247645 90
* * 10
cfl=(8)
cfn=(9)
calls=0 +247652 91
* * 10
cfl=(8)
cfn=(9)
calls=0 +247674 95
* * 10

ob=
fl=(19)
fn=(77) runtime.(*mheap).alloc.func1
+237 913 0
cfl=(19)
cfn=(31)
calls=0 +1369 1150
* * 20
cfl=(19)
cfn=(31)
calls=0 +1691 1192
* * 20
cfl=(19)
cfn=(31)
calls=0 +2083 1243
* * 10
cfl=(19)
cfn=(31)
calls=0 +2301 1280
* * 10
cfl=(19)
cfn=(31)
calls=0 +2315 1282
* * 10
cfl=(19)
cfn=(31)
calls=0 +2442 1302
* * 10

ob=
fl=(19)
fn=(30)
+924 1078 0
cfl=(26)
cfn=(57)
calls=0 -52659 86
* * 10

ob=
fl=(19)
fn=(31)
+208 1150 0
cfl=(30) D:\Go\src\runtime\mpagecache.go
cfn=(78) runtime.(*pageAlloc).allocToCache
calls=0 +20045 158
* * 20
+322 1192 0
cfl=(19)
cfn=(30)
calls=0 -346 1069
* * 10
cfl=(19)
cfn=(30)
calls=0 -208 1078
* * 10
+392 1243 0
cfl=(19)
cfn=(79) runtime.newMarkBits
calls=0 +6169 1995
* * 10
+218 1280 0
cfl=(21)
cfn=(37)
calls=0 +31767 796
* * 10
+141 1302 0
cfl=(19)
cfn=(29)
calls=0 -1709 966
* * 10

ob=
fl=(19)
fn=(76)
+1153 1427 0
cfl=(6)
cfn=(59)
calls=0 +232872 383
* * 10

ob=
fl=(19)
fn=(80) runtime.(*mheap).freeSpan.func1
+152 1435 0
cfl=(19)
cfn=(32)
calls=0 +533 1475
* * 10

ob=
fl=(19)
fn=(79)
+4113 1995 0
cfl=(19)
cfn=(33)
calls=0 +4113 1974
* * 10

ob=
fl=(17)
fn=(34)
+3133 490 0
cfl=(17)
cfn=(81) runtime.mergeSummaries
calls=0 +9993 978
* * 10

ob=
fl=(17)
fn=(82) runtime.(*pageAlloc).allocRange
+1048 535 0
cfl=(17)
cfn=(34)
calls=0 * 490
* * 10
cfl=(17)
cfn=(34)
calls=0 +37 491
* * 10

ob=
fl=(17)
fn=(81)
+5812 978 0
cfl=(17)
cfn=(35)
calls=0 +5812 964
* * 10

ob=
fl=(30)
fn=(78)
+3353 158 0
cfl=(17)
cfn=(82)
calls=0 -5812 535
* * 20

ob=
fl=(3)
fn=(50)
+25816 870 0
cfl=(3)
cfn=(14)
calls=0 +28499 1089
* * 30

ob=
fl=(3)
fn=(83) runtime.preemptM
+5809 1379 0
cfl=(3)
cfn=(10)
calls=0 +2811 1098
* * 40

ob=
fl=(28)
fn=(64)
+15923 232 0
cfl=(3)
cfn=(83)
calls=0 * 1379
* * 10
+407 248 0
cfl=(6)
cfn=(7)
calls=0 +174457 657
* * 60

ob=
fl=(22)
fn=(84) runtime.main
+6418 255 0
cfl=(31) D:\gostudy\src\taster\article37\q1\demo96.go
cfn=(85) main.main
calls=0 +541416 27
* * 3600

ob=
fl=(22)
fn=(86) runtime.stopTheWorldWithSema
+9476 1175 0
cfl=(22)
cfn=(87) runtime.preemptall
calls=0 +46046 5558
* * 10

ob=
fl=(22)
fn=(88) runtime.forEachP
+2400 1592 0
cfl=(22)
cfn=(87)
calls=0 +36570 5558
* * 10
+320 1638 0
cfl=(22)
cfn=(87)
calls=0 +34170 5558
* * 10

ob=
fl=(22)
fn=(89) runtime.startm
+4654 2504 0
cfl=(14)
cfn=(49)
calls=0 -193037 162
* * 30

ob=
fl=(22)
fn=(90) runtime.wakep
+1041 2584 0
cfl=(22)
cfn=(89)
calls=0 * 2504
* * 10

ob=
fl=(22)
fn=(38)
+2012 2779 0
cfl=(22)
cfn=(91) runtime.stealWork
calls=0 +4662 3048
* * 40
+665 2921 0
cfl=(22)
cfn=(92) runtime.checkTimersNoP
calls=0 +3492 3113
* * 10
+361 2957 0
cfl=(22)
cfn=(44)
calls=0 +29352 5917
* * 10

ob=
fl=(22)
fn=(91)
+1624 3048 0
cfl=(22)
cfn=(93) runtime.checkTimers
calls=0 +5272 3466
* * 30
cfl=(22)
cfn=(93)
calls=0 +5214 3462
* * 10

ob=
fl=(22)
fn=(92)
+842 3113 0
cfl=(23)
cfn=(39)
calls=0 +842 743
* * 10

ob=
fl=(22)
fn=(94) runtime.resetspinning
+619 3216 0
cfl=(22)
cfn=(90)
calls=0 -5504 2584
* * 10

ob=
fl=(22)
fn=(66)
+674 3279 0
cfl=(14)
cfn=(95) runtime.unlock
calls=0 +674 98
* * 10

ob=
fl=(14)
fn=(95)
* 98 0
cfl=(32) D:\Go\src\runtime\lockrank_off.go
cfn=(96) runtime.unlockWithRank
calls=0 * 32
* * 10

ob=
fl=(32)
fn=(96)
* 32 0
cfl=(14)
cfn=(22)
calls=0 -205772 109
* * 10

ob=
fl=(22)
fn=(66)
+56 3280 0
cfl=(22)
cfn=(97) runtime.injectglist.func1
calls=0 +56 3256
* * 20

ob=
fl=(22)
fn=(97)
* 3256 0
cfl=(22)
cfn=(89)
calls=0 -7894 2504
* * 20

ob=
fl=(22)
fn=(40)
+698 3367 0
cfl=(22)
cfn=(38)
calls=0 -4841 2779
* * 40
cfl=(22)
cfn=(38)
calls=0 -5276 2718
* * 10
cfl=(22)
cfn=(38)
calls=0 -4176 2921
* * 10
cfl=(22)
cfn=(38)
calls=0 -3815 2957
* * 10
cfl=(22)
cfn=(38)
calls=0 -3255 2978
* * 10
+37 3374 0
cfl=(22)
cfn=(94)
calls=0 -1428 3216
* * 10

ob=
fl=(22)
fn=(93)
+664 3462 0
cfl=(23)
cfn=(45)
calls=0 +79011 653
* * 10
+58 3466 0
cfl=(23)
cfn=(98) runtime.runtimer
calls=0 +80029 774
* * 30

ob=
fl=(22)
fn=(42)
+439 3505 0
cfl=(22)
cfn=(41)
calls=0 +177 3488
* * 10
+166 3516 0
cfl=(22)
cfn=(40)
calls=0 -1198 3367
* * 80
cfl=(22)
cfn=(40)
calls=0 -1679 3305
* * 10
cfl=(22)
cfn=(40)
calls=0 -1161 3374
* * 10

ob=
fl=(22)
fn=(99) runtime._System
+10260 4667 0
cfl=(22)
cfn=(43)
calls=0 +10324 4668
* * 10

ob=
fl=(22)
fn=(87)
+8980 5558 0
cfl=(22)
cfn=(100) runtime.preemptone
calls=0 +9149 5596
* * 30

ob=
fl=(22)
fn=(100)
+169 5596 0
cfl=(3)
cfn=(83)
calls=0 -68794 1379
* * 30

ob=
fl=(33) D:\Go\src\runtime\slice.go
fn=(101) runtime.makeslice
+21876 98 0
cfl=(12)
cfn=(17)
calls=0 -220109 1158
* * 50
cfl=(12)
cfn=(17)
calls=0 -220790 1077
* * 10

ob=
fl=(11)
fn=(15)
+15902 110 0
cfl=(12)
cfn=(17)
calls=0 -243105 1052
* * 140
cfl=(12)
cfn=(17)
calls=0 -243584 970
* * 50
cfl=(12)
cfn=(17)
calls=0 -243921 909
* * 20
cfl=(12)
cfn=(17)
calls=0 -243902 909
* * 20
cfl=(12)
cfn=(17)
calls=0 -243177 1050
* * 20
cfl=(12)
cfn=(17)
calls=0 -243017 1103
* * 20
cfl=(12)
cfn=(17)
calls=0 -242206 1126
* * 20
cfl=(12)
cfn=(17)
calls=0 -242080 1175
* * 20
cfl=(12)
cfn=(17)
calls=0 -242059 1153
* * 20
cfl=(12)
cfn=(17)
calls=0 -242039 1153
* * 20
cfl=(12)
cfn=(17)
calls=0 -241878 1178
* * 20
cfl=(12)
cfn=(17)
calls=0 -243911 909
* * 10
cfl=(12)
cfn=(17)
calls=0 -243890 910
* * 10
cfl=(12)
cfn=(17)
calls=0 -243889 910
* * 10
cfl=(12)
cfn=(17)
calls=0 -243867 918
* * 10
cfl=(12)
cfn=(17)
calls=0 -243703 951
* * 10
cfl=(12)
cfn=(17)
calls=0 -243574 971
* * 10
cfl=(12)
cfn=(17)
calls=0 -243548 977
* * 10
cfl=(12)
cfn=(17)
calls=0 -243522 981
* * 10
cfl=(12)
cfn=(17)
calls=0 -243518 981
* * 10
cfl=(12)
cfn=(17)
calls=0 -243459 1172
* * 10
cfl=(12)
cfn=(17)
calls=0 -243418 1024
* * 10
cfl=(12)
cfn=(17)
calls=0 -243277 1049
* * 10
cfl=(12)
cfn=(17)
calls=0 -243269 1050
* * 10
cfl=(12)
cfn=(17)
calls=0 -243222 1050
* * 10
cfl=(12)
cfn=(17)
calls=0 -243050 1055
* * 10
cfl=(12)
cfn=(17)
calls=0 -242215 1133
* * 10
cfl=(12)
cfn=(17)
calls=0 -242152 1133
* * 10
cfl=(12)
cfn=(17)
calls=0 -241979 1161
* * 10
cfl=(12)
cfn=(17)
calls=0 -241804 1200
* * 10
+25 114 0
cfl=(4)
cfn=(5)
calls=0 +88429 65
* * 20
cfl=(4)
cfn=(5)
calls=0 +88687 175
* * 20
cfl=(4)
cfn=(5)
calls=0 +89653 430
* * 20
cfl=(4)
cfn=(5)
calls=0 +89679 439
* * 20
cfl=(4)
cfn=(5)
calls=0 +88410 61
* * 10
cfl=(4)
cfn=(5)
calls=0 +88693 177
* * 10
cfl=(4)
cfn=(5)
calls=0 +89700 443
* * 10
cfl=(4)
cfn=(5)
calls=0 +89705 444
* * 10

ob=
fl=(23)
fn=(98)
+22154 774 0
cfl=(23)
cfn=(102) runtime.runOneTimer
calls=0 +22609 866
* * 30

ob=
fl=(23)
fn=(102)
+455 866 0
cfl=(29)
cfn=(103) runtime.bgscavenge.func1
calls=0 +36996 261
* * 30

ob=
fl=(27)
fn=(104) runtime.gcMarkDone.func1
+35589 803 0
cfl=(22)
cfn=(88)
calls=0 -94751 1592
* * 10
cfl=(22)
cfn=(88)
calls=0 -94431 1638
* * 10

ob=
fl=(29)
fn=(103)
+952 261 0
cfl=(29)
cfn=(65)
calls=0 -239784 215
* * 30

ob=
fl=(6)
fn=(46)
+16435 307 0
cfl=(22)
cfn=(42)
calls=0 -116362 3516
* * 100
cfl=(22)
cfn=(42)
calls=0 -116684 3494
* * 10
cfl=(22)
cfn=(42)
calls=0 -116528 3505
* * 10

ob=
fl=(6)
fn=(59)
+132 383 0
cfl=(29)
cfn=(68)
calls=0 -255968 304
* * 230
cfl=(19)
cfn=(77)
calls=0 -234945 913
* * 80
cfl=(27)
cfn=(60)
calls=0 -279132 1288
* * 40
cfl=(27)
cfn=(60)
calls=0 -279077 1269
* * 20
cfl=(27)
cfn=(104)
calls=0 -17387 803
* * 20
cfl=(27)
cfn=(60)
calls=0 -279109 1286
* * 10
cfl=(19)
cfn=(80)
calls=0 -231435 1435
* * 10
cfl=(22)
cfn=(86)
calls=0 -150127 1175
* * 10

ob=
fl=(5)
fn=(11)
+56631 29 0
cfl=(5)
cfn=(6)
calls=0 +57287 200
* * 750
cfl=(5)
cfn=(6)
calls=0 +57642 141
* * 80
cfl=(5)
cfn=(6)
calls=0 +56806 95
* * 30
cfl=(5)
cfn=(6)
calls=0 +57250 200
* * 30
cfl=(5)
cfn=(6)
calls=0 +57280 200
* * 30
cfl=(5)
cfn=(6)
calls=0 +57309 201
* * 30
cfl=(5)
cfn=(6)
calls=0 +57535 142
* * 30
cfl=(5)
cfn=(6)
calls=0 +57543 147
* * 30
cfl=(5)
cfn=(6)
calls=0 +57061 197
* * 20
cfl=(5)
cfn=(6)
calls=0 +57267 200
* * 20
cfl=(5)
cfn=(6)
calls=0 +57293 201
* * 20
cfl=(5)
cfn=(6)
calls=0 +57549 197
* * 20
cfl=(5)
cfn=(6)
calls=0 +57565 138
* * 20
cfl=(5)
cfn=(6)
calls=0 +57590 139
* * 20
cfl=(5)
cfn=(6)
calls=0 +57676 138
* * 20
cfl=(5)
cfn=(6)
calls=0 +57715 142
* * 20
cfl=(5)
cfn=(6)
calls=0 +57796 149
* * 20
cfl=(5)
cfn=(6)
calls=0 +56783 95
* * 10
cfl=(5)
cfn=(6)
calls=0 +56797 95
* * 10
cfl=(5)
cfn=(6)
calls=0 +56815 95
* * 10
cfl=(5)
cfn=(6)
calls=0 +57546 197
* * 10
cfl=(5)
cfn=(6)
calls=0 +57571 197
* * 10
cfl=(5)
cfn=(6)
calls=0 +57584 147
* * 10
cfl=(5)
cfn=(6)
calls=0 +57605 141
* * 10
cfl=(5)
cfn=(6)
calls=0 +57618 141
* * 10
cfl=(5)
cfn=(6)
calls=0 +57635 141
* * 10
cfl=(5)
cfn=(6)
calls=0 +57650 141
* * 10
cfl=(5)
cfn=(6)
calls=0 +57655 141
* * 10
cfl=(5)
cfn=(6)
calls=0 +57665 141
* * 10
cfl=(5)
cfn=(6)
calls=0 +57699 142
* * 10
cfl=(5)
cfn=(6)
calls=0 +57703 142
* * 10
cfl=(5)
cfn=(6)
calls=0 +57771 148
* * 10
cfl=(5)
cfn=(6)
calls=0 +57780 148
* * 10
cfl=(5)
cfn=(6)
calls=0 +57785 148
* * 10
cfl=(5)
cfn=(6)
calls=0 +57791 148
* * 10
cfl=(5)
cfn=(6)
calls=0 +57848 89
* * 10
cfl=(5)
cfn=(6)
calls=0 +57854 197
* * 10

ob=
fl=(5)
fn=(6)
+656 200 0
cfl=(11)
cfn=(15)
calls=0 -132373 110
* * 560
cfl=(11)
cfn=(15)
calls=0 -132348 114
* * 60
cfl=(11)
cfn=(15)
calls=0 -132381 110
* * 30
cfl=(11)
cfn=(15)
calls=0 -132332 115
* * 30
cfl=(11)
cfn=(15)
calls=0 -132405 114
* * 20
cfl=(11)
cfn=(15)
calls=0 -132372 113
* * 20
cfl=(11)
cfn=(15)
calls=0 -132442 80
* * 10
cfl=(11)
cfn=(15)
calls=0 -132433 80
* * 10
cfl=(11)
cfn=(15)
calls=0 -132357 113
* * 10

ob=
fl=(9)
fn=(105) bytes.(*Buffer).grow
+232362 142 0
cfl=(9)
cfn=(106) bytes.makeSlice
calls=0 +233424 229
* * 60
+89 143 0
cfl=(4)
cfn=(5)
calls=0 -275712 439
* * 30
cfl=(4)
cfn=(5)
calls=0 -275691 443
* * 20
cfl=(4)
cfn=(5)
calls=0 -275738 430
* * 10
cfl=(4)
cfn=(5)
calls=0 -275731 435
* * 10
cfl=(4)
cfn=(5)
calls=0 -275722 437
* * 10

ob=
fl=(9)
fn=(12)
+618 182 0
cfl=(9)
cfn=(16)
calls=0 +618 107
* * 10
+8 182 0
cfl=(9)
cfn=(16)
calls=0 +8 107
* * 10
+15 182 0
cfl=(9)
cfn=(16)
calls=0 +15 108
* * 30
+45 184 0
cfl=(9)
cfn=(105)
calls=0 -641 143
* * 80
cfl=(9)
cfn=(105)
calls=0 -730 142
* * 60
+79 186 0
cfl=(4)
cfn=(5)
calls=0 -277473 177
* * 70
cfl=(4)
cfn=(5)
calls=0 -277765 41
* * 30
cfl=(4)
cfn=(5)
calls=0 -277721 68
* * 20
cfl=(4)
cfn=(5)
calls=0 -277475 176
* * 20
cfl=(4)
cfn=(5)
calls=0 -277479 175
* * 10

ob=
fl=(9)
fn=(106)
+208 229 0
cfl=(33)
cfn=(101)
calls=0 -382147 98
* * 60

ob=
fl=(34) D:\gostudy\src\taster\article37\common\common.go
fn=(107) taster/article37/common.Execute
+78506 32 0
cfl=(13)
cfn=(21)
calls=0 +84009 13
* * 1500
cfl=(13)
cfn=(21)
calls=0 +84019 14
* * 1460
cfl=(13)
cfn=(21)
calls=0 +84035 15
* * 520
cfl=(13)
cfn=(21)
calls=0 +84108 17
* * 60
cfl=(13)
cfn=(21)
calls=0 +84031 15
* * 20
cfl=(13)
cfn=(21)
calls=0 +83993 13
* * 10
cfl=(13)
cfn=(21)
calls=0 +84000 13
* * 10
cfl=(13)
cfn=(21)
calls=0 +84010 14
* * 10
cfl=(13)
cfn=(21)
calls=0 +84041 12
* * 10

ob=
fl=(1)
fn=(2)
+752 116 0
cfl=(1)
cfn=(47)
calls=0 +752 84
* * 10
+4 116 0
cfl=(1)
cfn=(47)
calls=0 +4 84
* * 10

ob=
fl=(1)
fn=(47)
+1 84 0
cfl=(1)
cfn=(1)
calls=0 +228 388
* * 370
cfl=(1)
cfn=(1)
calls=0 +363 390
* * 260
cfl=(1)
cfn=(1)
calls=0 +326 389
* * 40
cfl=(1)
cfn=(1)
calls=0 +348 389
* * 30
cfl=(1)
cfn=(1)
calls=0 +200 387
* * 20
cfl=(1)
cfn=(1)
calls=0 +253 389
* * 20
cfl=(1)
cfn=(1)
calls=0 +267 389
* * 20
cfl=(1)
cfn=(1)
calls=0 +294 389
* * 20
cfl=(1)
cfn=(1)
calls=0 +204 387
* * 10
cfl=(1)
cfn=(1)
calls=0 +217 388
* * 10
cfl=(1)
cfn=(1)
calls=0 +409 391
* * 10

ob=
fl=(1)
fn=(2)
* 116 0
cfl=(1)
cfn=(47)
calls=0 * 84
* * 810

ob=
fl=(1)
fn=(1)
+266 389 0
cfl=(10)
cfn=(108) math/rand.(*rngSource).Int63
calls=0 +266 234
* * 20

ob=
fl=(10)
fn=(108)
* 234 0
cfl=(10)
cfn=(13)
calls=0 * 240
* * 20

ob=
fl=(1)
fn=(1)
+27 389 0
cfl=(10)
cfn=(108)
calls=0 +27 234
* * 20

ob=
fl=(10)
fn=(108)
* 234 0
cfl=(10)
cfn=(13)
calls=0 * 245
* * 20

ob=
fl=(1)
fn=(1)
+32 389 0
cfl=(10)
cfn=(108)
calls=0 +32 234
* * 40

ob=
fl=(10)
fn=(108)
* 234 0
cfl=(10)
cfn=(13)
calls=0 * 249
* * 40

ob=
fl=(1)
fn=(1)
+22 389 0
cfl=(10)
cfn=(108)
calls=0 +22 234
* * 30

ob=
fl=(10)
fn=(108)
* 234 0
cfl=(10)
cfn=(13)
calls=0 * 250
* * 30

ob=
fl=(1)
fn=(1)
+15 390 0
cfl=(2)
cfn=(3)
calls=0 +15 186
* * 260

ob=
fl=(13)
fn=(21)
+4368 13 0
cfl=(1)
cfn=(48)
calls=0 +4368 327
* * 10
+7 13 0
cfl=(1)
cfn=(48)
calls=0 +7 327
* * 10

ob=
fl=(1)
fn=(48)
+9 327 0
cfl=(1)
cfn=(2)
calls=0 -4737 116
* * 810
cfl=(1)
cfn=(2)
calls=0 -4636 120
* * 320
cfl=(1)
cfn=(2)
calls=0 -4752 115
* * 220
cfl=(1)
cfn=(2)
calls=0 -4836 108
* * 30
cfl=(1)
cfn=(2)
calls=0 -4791 112
* * 20
cfl=(1)
cfn=(2)
calls=0 -4773 108
* * 20
cfl=(1)
cfn=(2)
calls=0 -4721 115
* * 20
cfl=(1)
cfn=(2)
calls=0 -4826 108
* * 10
cfl=(1)
cfn=(2)
calls=0 -4755 115
* * 10
cfl=(1)
cfn=(2)
calls=0 -4742 116
* * 10
cfl=(1)
cfn=(2)
calls=0 -4738 116
* * 10
cfl=(1)
cfn=(2)
calls=0 -4646 120
* * 10
cfl=(1)
cfn=(2)
calls=0 -4624 120
* * 10

ob=
fl=(13)
fn=(21)
* 13 0
cfl=(1)
cfn=(48)
calls=0 * 327
* * 1500
+10 14 0
cfl=(5)
cfn=(11)
calls=0 -318089 29
* * 1390
cfl=(5)
cfn=(11)
calls=0 -318085 30
* * 40
cfl=(5)
cfn=(11)
calls=0 -318107 29
* * 10
cfl=(5)
cfn=(11)
calls=0 -318101 29
* * 10
cfl=(5)
cfn=(11)
calls=0 -318073 30
* * 10
+16 15 0
cfl=(9)
cfn=(12)
calls=0 -84227 186
* * 150
cfl=(9)
cfn=(12)
calls=0 -84306 184
* * 140
cfl=(9)
cfn=(12)
calls=0 -84383 180
* * 40
cfl=(9)
cfn=(12)
calls=0 -84351 182
* * 30
cfl=(9)
cfn=(12)
calls=0 -84258 186
* * 30
cfl=(9)
cfn=(12)
calls=0 -84397 180
* * 20
cfl=(9)
cfn=(12)
calls=0 -84287 186
* * 20
cfl=(9)
cfn=(12)
calls=0 -84283 186
* * 20
cfl=(9)
cfn=(12)
calls=0 -84209 186
* * 20
cfl=(9)
cfn=(12)
calls=0 -84374 182
* * 10
cfl=(9)
cfn=(12)
calls=0 -84366 182
* * 10
cfl=(9)
cfn=(12)
calls=0 -84271 186
* * 10
cfl=(9)
cfn=(12)
calls=0 -84248 186
* * 10
cfl=(9)
cfn=(12)
calls=0 -84221 186
* * 10

ob=
fl=(9)
fn=(109) bytes.(*Buffer).String
+73 65 0
cfl=(11)
cfn=(15)
calls=0 -450463 114
* * 60

ob=
fl=(13)
fn=(21)
* 17 0
cfl=(9)
cfn=(109)
calls=0 * 65
* * 60

ob=
fl=(31)
fn=(85)
+444 27 0
cfl=(34)
cfn=(107)
calls=0 -5602 32
* * 3600
